<?xml version="1.0" encoding="UTF-8"?>
<testsuite name="com.example.project.TestMain" tests="14" skipped="0" failures="0" errors="0" timestamp="2025-02-07T03:53:27" hostname="codespaces-40091d" time="0.172">
  <properties/>
  <testcase name="testNotAlone()" classname="com.example.project.TestMain" time="0.053"/>
  <testcase name="TestShiftLeft()" classname="com.example.project.TestMain" time="0.003"/>
  <testcase name="testParseSentence()" classname="com.example.project.TestMain" time="0.024"/>
  <testcase name="testRemoveDuplicates()" classname="com.example.project.TestMain" time="0.003"/>
  <testcase name="testFix34()" classname="com.example.project.TestMain" time="0.013"/>
  <testcase name="testMode()" classname="com.example.project.TestMain" time="0.002"/>
  <testcase name="testSameFirstLast()" classname="com.example.project.TestMain" time="0.002"/>
  <testcase name="testSwapEnds()" classname="com.example.project.TestMain" time="0.001"/>
  <testcase name="testZeroFront()" classname="com.example.project.TestMain" time="0.001"/>
  <testcase name="testRemove3()" classname="com.example.project.TestMain" time="0.002"/>
  <testcase name="testReverseArray()" classname="com.example.project.TestMain" time="0.003"/>
  <testcase name="testInsertAfterI()" classname="com.example.project.TestMain" time="0.001"/>
  <testcase name="testMoveBWords()" classname="com.example.project.TestMain" time="0.003"/>
  <testcase name="testDuplicateUpperEnd()" classname="com.example.project.TestMain" time="0.002"/>
  <system-out><![CDATA[[1]
[0, 3, 4, 0, ]
[1, 5]
[0, 3, 4, 0, 0, 3, 4, ]
[0]
[3, 4, 0, 0, ]
]]></system-out>
  <system-err><![CDATA[]]></system-err>
</testsuite>
